Using pre-set license
Built from '2020.2/release' branch; Version is '2020.2.1f1 (270dd8c3da1c) revision 2559448'; Using compiler version '192528614'; Build Type 'Release'
OS: 'Windows 10  (10.0.0) 64bit' Language: 'en' Physical Memory: 16227 MB
BatchMode: 1, IsHumanControllingUs: 0, StartBugReporterOnCrash: 0, Is64bit: 1, IsPro: 0

 COMMAND LINE ARGUMENTS:
C:\Program Files\Unity\2020.2.1f1\Editor\Unity.exe
-adb2
-batchMode
-noUpm
-name
AssetImportWorker0
-projectPath
E:/GitHub/Online/MythicalRescue_PFA
-logFile
Logs/AssetImportWorker0.log
-srvPort
58642
Successfully changed project path to: E:/GitHub/Online/MythicalRescue_PFA
E:/GitHub/Online/MythicalRescue_PFA
Using Asset Import Pipeline V2.
Refreshing native plugins compatible for Editor in 35.44 ms, found 2 plugins.
Preloading 0 native plugins for Editor in 0.00 ms.
Initialize engine version: 2020.2.1f1 (270dd8c3da1c)
[Subsystems] Discovering subsystems at path C:/Program Files/Unity/2020.2.1f1/Editor/Data/Resources/UnitySubsystems
[Subsystems] Discovering subsystems at path E:/GitHub/Online/MythicalRescue_PFA/Assets
GfxDevice: creating device client; threaded=0
Direct3D:
    Version:  Direct3D 11.0 [level 11.1]
    Renderer: NVIDIA GeForce RTX 2060 (ID=0x1f11)
    Vendor:   
    VRAM:     5980 MB
    Driver:   27.21.14.6627
Initialize mono
Mono path[0] = 'C:/Program Files/Unity/2020.2.1f1/Editor/Data/Managed'
Mono path[1] = 'C:/Program Files/Unity/2020.2.1f1/Editor/Data/MonoBleedingEdge/lib/mono/unityjit'
Mono config path = 'C:/Program Files/Unity/2020.2.1f1/Editor/Data/MonoBleedingEdge/etc'
Using monoOptions --debugger-agent=transport=dt_socket,embedding=1,server=y,suspend=n,address=127.0.0.1:56404
Begin MonoManager ReloadAssembly
Registering precompiled unity dll's ...
Register platform support module: C:/Program Files/Unity/2020.2.1f1/Editor/Data/PlaybackEngines/WindowsStandaloneSupport/UnityEditor.WindowsStandalone.Extensions.dll
Registered in 0.001394 seconds.
Native extension for WindowsStandalone target not found
Refreshing native plugins compatible for Editor in 34.30 ms, found 2 plugins.
Preloading 0 native plugins for Editor in 0.00 ms.
Unable to find bridge dll in registry for Microsoft Visual Studio Tools for Unity for C:\Program Files (x86)\Microsoft Visual Studio\2019\Professional\Common7\IDE\devenv.exe
Invoked RoslynAnalysisRunner static constructor.
RoslynAnalysisRunner will not be running.
RoslynAnalysisRunner has terminated.
Mono: successfully reloaded assembly
- Completed reload, in  1.454 seconds
Platform modules already initialized, skipping
Registering precompiled user dll's ...
Registered in 0.005336 seconds.
Begin MonoManager ReloadAssembly
Native extension for WindowsStandalone target not found
Refreshing native plugins compatible for Editor in 32.97 ms, found 2 plugins.
Preloading 0 native plugins for Editor in 0.00 ms.
Invoked RoslynAnalysisRunner static constructor.
RoslynAnalysisRunner will not be running.
RoslynAnalysisRunner has terminated.
Mono: successfully reloaded assembly
- Completed reload, in  0.903 seconds
Platform modules already initialized, skipping
========================================================================
Worker process is ready to serve import requests
Launched and connected shader compiler UnityShaderCompiler.exe after 0.02 seconds
Refreshing native plugins compatible for Editor in 0.40 ms, found 2 plugins.
Preloading 0 native plugins for Editor in 0.00 ms.
Unloading 1803 Unused Serialized files (Serialized files now loaded: 0)
System memory in use before: 84.8 MB.
System memory in use after: 84.9 MB.

Unloading 36 unused Assets to reduce memory usage. Loaded Objects now: 2317.
Total: 2.218500 ms (FindLiveObjects: 0.177600 ms CreateObjectMapping: 0.070400 ms MarkObjects: 1.907300 ms  DeleteObjects: 0.061900 ms)

========================================================================
Received Import Request.
  path: Assets/PREFAB/PLAYER.prefab
  artifactKey: Guid(6e6feee012cf7674e82a9732f8e9099e) Importer(815301076,1909f56bfc062723c751e8b465ee728b)
Start importing Assets/PREFAB/PLAYER.prefab using Guid(6e6feee012cf7674e82a9732f8e9099e) Importer(815301076,1909f56bfc062723c751e8b465ee728b)  -> (artifact id: 'e5e23ae19a200090a61c8cd30df24339') in 0.779127 seconds
  Import took 0.782009 seconds .

========================================================================
Received Import Request.
  Time since last request: 0.368701 seconds.
  path: Assets/PREFAB/PLAYER.prefab
  artifactKey: Guid(6e6feee012cf7674e82a9732f8e9099e) Importer(815301076,1909f56bfc062723c751e8b465ee728b)
Start importing Assets/PREFAB/PLAYER.prefab using Guid(6e6feee012cf7674e82a9732f8e9099e) Importer(815301076,1909f56bfc062723c751e8b465ee728b)  -> (artifact id: 'e5e23ae19a200090a61c8cd30df24339') in 0.080574 seconds
  Import took 0.084733 seconds .

========================================================================
Received Import Request.
  Time since last request: 572.848553 seconds.
  path: Assets/Macros/PLAYER.asset
  artifactKey: Guid(6ac14588a0483a14b9fde8246e94099d) Importer(815301076,1909f56bfc062723c751e8b465ee728b)
Start importing Assets/Macros/PLAYER.asset using Guid(6ac14588a0483a14b9fde8246e94099d) Importer(815301076,1909f56bfc062723c751e8b465ee728b)  -> (artifact id: '6e03514d7da98695690515aa09f87236') in 0.021877 seconds
  Import took 0.038444 seconds .

AssetImportWorkerClient::OnTransportError - code=2 error=End of file
